<?xml version="1.0" encoding="UTF-8"?>
<!-- Generated by org.testng.reporters.JUnitXMLReporter -->
<testsuite ignored="0" hostname="DESKTOP-PEFDB2S" failures="0" tests="1" name="firefoxTest" time="0.118" errors="0" timestamp="2022-10-27T11:52:51 IST">
  <testcase classname="test.VerifyLoginFunctionality" name="@BeforeTest launchBrowser" time="0.013">
    <failure type="java.lang.NullPointerException" message="Cannot invoke &amp;quot;org.openqa.selenium.WebDriver.manage()&amp;quot; because &amp;quot;this.driver&amp;quot; is null">
      <![CDATA[java.lang.NullPointerException: Cannot invoke "org.openqa.selenium.WebDriver.manage()" because "this.driver" is null
at test.VerifyLoginFunctionality.launchBrowser(VerifyLoginFunctionality.java:38)
... Removed 22 stack frames]]>
    </failure>
  </testcase> <!-- @BeforeTest launchBrowser -->
  <testcase classname="test.VerifyLoginFunctionality" name="@BeforeClass callMethods" time="-1.666851771725E9">
    <skipped/>
  </testcase> <!-- @BeforeClass callMethods -->
  <testcase classname="test.VerifyLoginFunctionality" name="@BeforeMethod launchAplication" time="-1.66685177175E9">
    <skipped/>
  </testcase> <!-- @BeforeMethod launchAplication -->
  <testcase classname="test.VerifyLoginFunctionality" name="verifySubmitButton" time="0.0">
    <skipped/>
  </testcase> <!-- verifySubmitButton -->
</testsuite> <!-- firefoxTest -->
